/Users/Zhuanz/Desktop/cfd-s2-naca-transition/scripts/dec_v61_063_live_runs.py:294: DeprecationWarning: datetime.datetime.utcnow() is deprecated and scheduled for removal in a future version. Use timezone-aware objects to represent datetimes in UTC: datetime.datetime.now(datetime.UTC).
  timestamp = datetime.datetime.utcnow().strftime("%Y%m%dT%H%M%SZ")
DEC-V61-063 Stage E live-run driver · timestamp=20260425T182409Z

=== α=+0.0° run start ===
=== α=+0.0° run complete in 1953.9s (success=True, exit=None) ===

=== α=+4.0° run start ===
=== α=+4.0° run complete in 1795.6s (success=True, exit=None) ===

=== α=+8.0° run start ===
=== α=+8.0° run complete in 1732.4s (success=True, exit=None) ===

→ summary written: /Users/Zhuanz/Desktop/cfd-s2-naca-transition/reports/phase5_audit/dec_v61_063_live_summary.yaml

=== HEADLINE VERDICT: FAIL: ['lift_coefficient_alpha_eight', 'drag_coefficient_alpha_zero', 'lift_slope_dCl_dalpha_linear_regime'] ===
lift_coefficient_alpha_eight:
  value: 0.6768586
  gold: 0.815
  rel_error: 0.16949865030674843
  tolerance: 0.05
  pass: false
  role: HEADLINE_PRIMARY_SCALAR
drag_coefficient_alpha_zero:
  value: 0.01204902
  gold: 0.008
  rel_error: 0.5061275000000001
  tolerance: 0.15
  pass: false
  role: SAME_RUN_CROSS_CHECK
lift_slope_dCl_dalpha_linear_regime:
  value: 0.08455070337499997
  intercept: 0.008213244166666836
  linearity_check_applicable: true
  linearity_ok: true
  linearity_residual: 0.034395387012834885
  n_points: 3
  gold: 0.105
  rel_error: 0.19475520595238124
  tolerance: 0.1
  pass: false
  role: QUALITATIVE_GATE

sanity_cl_at_alpha_zero:
  value: 0.000452973
  abs_band: 0.005
  pass: true
sign_convention_alpha_eight:
  Cl: 0.6768586
  expected: '>0'
  pass: true

